{
  "RSpec": {
    "coverage": {
      "/Users/neilhendren/Documents/turing/mod_3/mod_3_final_project/config/environment.rb": {
        "lines": [
          null,
          1,
          null,
          null,
          1
        ]
      },
      "/Users/neilhendren/Documents/turing/mod_3/mod_3_final_project/config/application.rb": {
        "lines": [
          1,
          null,
          1,
          null,
          1,
          1,
          1,
          1,
          1,
          1,
          1,
          1,
          1,
          1,
          null,
          null,
          null,
          null,
          1,
          null,
          1,
          1,
          null,
          1,
          null,
          null,
          null,
          null,
          1,
          null,
          null,
          null,
          null,
          null,
          null,
          null,
          null,
          null,
          null,
          null,
          null,
          1,
          null,
          null
        ]
      },
      "/Users/neilhendren/Documents/turing/mod_3/mod_3_final_project/config/boot.rb": {
        "lines": [
          1,
          null,
          1,
          1
        ]
      },
      "/Users/neilhendren/Documents/turing/mod_3/mod_3_final_project/config/environments/test.rb": {
        "lines": [
          1,
          null,
          null,
          null,
          null,
          null,
          null,
          1,
          null,
          null,
          null,
          1,
          null,
          null,
          null,
          null,
          null,
          1,
          null,
          null,
          1,
          1,
          null,
          null,
          null,
          null,
          1,
          1,
          1,
          null,
          null,
          1,
          null,
          null,
          1,
          null,
          null,
          1,
          null,
          1,
          null,
          null,
          null,
          null,
          1,
          null,
          null,
          1,
          null,
          null,
          1,
          null,
          null,
          1,
          null,
          null,
          null,
          null,
          null,
          null,
          null,
          null,
          1,
          null
        ]
      },
      "/Users/neilhendren/Documents/turing/mod_3/mod_3_final_project/config/initializers/cors.rb": {
        "lines": [
          null,
          null,
          null,
          null,
          null,
          null,
          null,
          null,
          null,
          null,
          null,
          null,
          null,
          null,
          null,
          null
        ]
      },
      "/Users/neilhendren/Documents/turing/mod_3/mod_3_final_project/config/initializers/filter_parameter_logging.rb": {
        "lines": [
          null,
          null,
          null,
          null,
          null,
          1,
          null,
          null
        ]
      },
      "/Users/neilhendren/Documents/turing/mod_3/mod_3_final_project/config/initializers/inflections.rb": {
        "lines": [
          null,
          null,
          null,
          null,
          null,
          null,
          null,
          null,
          null,
          null,
          null,
          null,
          null,
          null,
          null,
          null
        ]
      },
      "/Users/neilhendren/Documents/turing/mod_3/mod_3_final_project/spec/factories.rb": {
        "lines": [
          1,
          null,
          1,
          1,
          1,
          null,
          null
        ]
      },
      "/Users/neilhendren/Documents/turing/mod_3/mod_3_final_project/config/routes.rb": {
        "lines": [
          1,
          null,
          null,
          null,
          null,
          1,
          null,
          1,
          1,
          1,
          null,
          null,
          null
        ]
      },
      "/Users/neilhendren/Documents/turing/mod_3/mod_3_final_project/app/controllers/api/v1/recipes_controller.rb": {
        "lines": [
          1,
          1,
          4,
          4,
          null,
          null,
          1,
          null,
          1,
          4,
          null,
          null
        ]
      },
      "/Users/neilhendren/Documents/turing/mod_3/mod_3_final_project/app/controllers/application_controller.rb": {
        "lines": [
          1,
          null
        ]
      },
      "/Users/neilhendren/Documents/turing/mod_3/mod_3_final_project/app/poros/recipe.rb": {
        "lines": [
          1,
          1,
          null,
          1,
          40,
          40,
          40,
          40,
          40,
          null,
          null
        ]
      },
      "/Users/neilhendren/Documents/turing/mod_3/mod_3_final_project/app/facades/recipe_facade.rb": {
        "lines": [
          1,
          1,
          4,
          null,
          null,
          1,
          4,
          1,
          3,
          1,
          null,
          2,
          null,
          null,
          null
        ]
      },
      "/Users/neilhendren/Documents/turing/mod_3/mod_3_final_project/app/serializers/recipe_serializer.rb": {
        "lines": [
          1,
          1,
          1,
          null
        ]
      },
      "/Users/neilhendren/Documents/turing/mod_3/mod_3_final_project/app/services/recipe_service.rb": {
        "lines": [
          1,
          1,
          3,
          null,
          null,
          1,
          3,
          3,
          3,
          3,
          null,
          3,
          null,
          3,
          3,
          null,
          null,
          3,
          3,
          null,
          3,
          3,
          40,
          null,
          null,
          null,
          1,
          null,
          null,
          null,
          null,
          null,
          null,
          null,
          null,
          null,
          null,
          1,
          1,
          null,
          1,
          null,
          null
        ]
      }
    },
    "timestamp": 1717874396
  }
}
